<?xml version="1.0" encoding="UTF-8"?>
<!-- Generated by org.testng.reporters.JUnitReportReporter -->
<testsuite hostname="arjun" failures="0" tests="1" name="ui.DwaeeAdminIM" time="31.989" errors="0" timestamp="2024-06-13T16:08:27 IST" skipped="0">
  <testcase classname="ui.DwaeeAdminIM" name="Dwaee" time="31.989"/>
  <system-out/>
</testsuite> <!-- ui.DwaeeAdminIM -->
