<?xml version="1.0" encoding="UTF-8"?>
<!-- Generated by org.testng.reporters.JUnitReportReporter -->
<testsuite hostname="arjun" failures="0" tests="1" name="ui.DwaeeAdminPO" time="25.087" errors="0" timestamp="2024-06-13T16:16:49 IST" skipped="0">
  <testcase classname="ui.DwaeeAdminPO" name="Dwaee" time="25.087"/>
  <system-out/>
</testsuite> <!-- ui.DwaeeAdminPO -->
