<?xml version="1.0" encoding="UTF-8"?>
<!-- Generated by org.testng.reporters.JUnitReportReporter -->
<testsuite hostname="arjun" failures="0" tests="1" name="ui.DwaeeAdminUsers" time="19.791" errors="0" timestamp="2024-06-14T14:19:44 IST" skipped="0">
  <testcase classname="ui.DwaeeAdminUsers" name="Users" time="19.791"/>
  <system-out/>
</testsuite> <!-- ui.DwaeeAdminUsers -->
