<?xml version="1.0" encoding="UTF-8"?>
<!-- Generated by org.testng.reporters.JUnitReportReporter -->
<testsuite hostname="arjun" failures="0" tests="1" name="ui.DwaeeAdminMH" time="28.546" errors="0" timestamp="2024-06-13T17:04:54 IST" skipped="0">
  <testcase classname="ui.DwaeeAdminMH" name="Dwaee" time="28.546"/>
  <system-out/>
</testsuite> <!-- ui.DwaeeAdminMH -->
