<?xml version="1.0" encoding="UTF-8"?>
<!-- Generated by org.testng.reporters.JUnitReportReporter -->
<testsuite hostname="arjun" failures="0" tests="1" name="ui.LoginTest" time="49.240" errors="0" timestamp="2024-06-13T15:32:10 IST" skipped="0">
  <testcase classname="ui.LoginTest" name="LoginDashboard" time="49.240"/>
  <system-out/>
</testsuite> <!-- ui.LoginTest -->
