<?xml version="1.0" encoding="UTF-8"?>
<!-- Generated by org.testng.reporters.JUnitReportReporter -->
<testsuite hostname="arjun" failures="0" tests="1" name="ui.DwaeeAdminTax" time="26.865" errors="0" timestamp="2024-06-13T16:52:32 IST" skipped="0">
  <testcase classname="ui.DwaeeAdminTax" name="Dwaee" time="26.865"/>
  <system-out/>
</testsuite> <!-- ui.DwaeeAdminTax -->
